Info: Start Nativelink Simulation process

========= EDA Simulation Settings =====================

Sim Mode              :  Gate
Family                :  cycloneiii
Quartus root          :  c:/altera/13.0sp1/quartus/bin64/
Quartus sim root      :  c:/altera/13.0sp1/quartus/eda/sim_lib
Simulation Tool       :  modelsim-altera
Simulation Language   :  vhdl
Version               :  93
Simulation Mode       :  GUI
Sim Output File       :  Taller_1.vho
Sim SDF file          :  Taller_1__vhdl.sdo
Sim dir               :  simulation\modelsim

=======================================================

Info: Starting NativeLink simulation with ModelSim-Altera software
Sourced NativeLink script c:/altera/13.0sp1/quartus/common/tcl/internal/nativelink/modelsim.tcl
Warning: File Taller_1_run_msim_gate_vhdl.do already exists - backing up current file as Taller_1_run_msim_gate_vhdl.do.bak11
Probing transcript
ModelSim-Altera Info: # Reading C:/altera/13.0sp1/modelsim_ase/tcl/vsim/pref.tcl 
ModelSim-Altera Info: # ERROR: No extended dataflow license exists
ModelSim-Altera Info: # do Taller_1_run_msim_gate_vhdl.do 
ModelSim-Altera Info: # if {[file exists gate_work]} {
ModelSim-Altera Info: # 	vdel -lib gate_work -all
ModelSim-Altera Info: # }
ModelSim-Altera Info: # vlib gate_work
ModelSim-Altera Info: # vmap work gate_work
ModelSim-Altera Info: # Copying C:\altera\13.0sp1\modelsim_ase\win32aloem/../modelsim.ini to modelsim.ini
ModelSim-Altera Info: # Modifying modelsim.ini
ModelSim-Altera Warning: # ** Warning: Copied C:\altera\13.0sp1\modelsim_ase\win32aloem/../modelsim.ini to modelsim.ini.
ModelSim-Altera Info: #          Updated modelsim.ini.
ModelSim-Altera Info: # 
ModelSim-Altera Info: # vcom -93 -work work {Taller_1.vho}
ModelSim-Altera Info: # Model Technology ModelSim ALTERA vcom 10.1d Compiler 2012.11 Nov  2 2012
ModelSim-Altera Info: # -- Loading package STANDARD
ModelSim-Altera Info: # -- Loading package TEXTIO
ModelSim-Altera Info: # -- Loading package std_logic_1164
ModelSim-Altera Info: # -- Loading package VITAL_Timing
ModelSim-Altera Info: # -- Loading package VITAL_Primitives
ModelSim-Altera Info: # -- Loading package dffeas_pack
ModelSim-Altera Info: # -- Loading package altera_primitives_components
ModelSim-Altera Info: # -- Loading package cycloneiii_atom_pack
ModelSim-Altera Info: # -- Loading package cycloneiii_components
ModelSim-Altera Info: # -- Loading package std_logic_arith
ModelSim-Altera Info: # -- Compiling entity reloj
ModelSim-Altera Info: # -- Compiling architecture structure of reloj
ModelSim-Altera Info: # 
ModelSim-Altera Info: vsim work.reloj(structure)
ModelSim-Altera Info: # vsim work.reloj(structure) 
ModelSim-Altera Info: # Loading std.standard
ModelSim-Altera Info: # Loading std.textio(body)
ModelSim-Altera Info: # Loading ieee.std_logic_1164(body)
ModelSim-Altera Info: # Loading ieee.vital_timing(body)
ModelSim-Altera Info: # Loading ieee.vital_primitives(body)
ModelSim-Altera Info: # Loading altera.dffeas_pack
ModelSim-Altera Info: # Loading altera.altera_primitives_components
ModelSim-Altera Info: # Loading cycloneiii.cycloneiii_atom_pack(body)
ModelSim-Altera Info: # Loading cycloneiii.cycloneiii_components
ModelSim-Altera Info: # Loading ieee.std_logic_arith(body)
ModelSim-Altera Info: # Loading work.reloj(structure)
ModelSim-Altera Info: # Loading altera.dffeas(vital_dffeas)
ModelSim-Altera Info: # Loading cycloneiii.cycloneiii_lcell_comb(vital_lcell_comb)
ModelSim-Altera Info: # Loading cycloneiii.cycloneiii_io_ibuf(arch)
ModelSim-Altera Info: # Loading cycloneiii.cycloneiii_clkctrl(vital_clkctrl)
ModelSim-Altera Info: # Loading cycloneiii.cycloneiii_ena_reg(behave)
ModelSim-Altera Info: # Loading cycloneiii.cycloneiii_io_obuf(arch)
ModelSim-Altera Warning: # ** Warning: Design size of 2 instances exceeds ModelSim ALTERA recommended capacity.
ModelSim-Altera Info: # This may because you are loading cell libraries which are not recommended with
ModelSim-Altera Info: # the ModelSim Altera version. Expect performance to be adversely affected.
ModelSim-Altera Info: add wave -position insertpoint  \
ModelSim-Altera Info: sim:/reloj/HEX3 \
ModelSim-Altera Info: sim:/reloj/HEX2 \
ModelSim-Altera Info: sim:/reloj/HEX1 \
ModelSim-Altera Info: sim:/reloj/HEX0 \
ModelSim-Altera Info: sim:/reloj/SW \
ModelSim-Altera Info: sim:/reloj/CLOCK_50 \
ModelSim-Altera Info: sim:/reloj/KEY
ModelSim-Altera Warning: # ** Warning: (vsim-WLF-5000) WLF file currently in use: vsim.wlf
ModelSim-Altera Info: # 
ModelSim-Altera Info: #           File in use by: Fede  Hostname: FEDE-HP  ProcessID: 6072
ModelSim-Altera Info: # 
ModelSim-Altera Info: #           Attempting to use alternate WLF file "./wlft57j4iw".
ModelSim-Altera Warning: # ** Warning: (vsim-WLF-5001) Could not open WLF file: vsim.wlf
ModelSim-Altera Info: # 
ModelSim-Altera Info: #           Using alternate file: ./wlft57j4iw
ModelSim-Altera Info: # 
ModelSim-Altera Info: add wave -position insertpoint  \
ModelSim-Altera Info: sim:/reloj/clk_out
ModelSim-Altera Info: force -freeze sim:/reloj/CLOCK_50 1 0, 0 {50 ps} -r 100
ModelSim-Altera Info: force -freeze sim:/reloj/SW 0000000000 0
ModelSim-Altera Info: force -freeze sim:/reloj/KEY 111 0
ModelSim-Altera Info: run
ModelSim-Altera Warning: # ** Warning: There is an 'U'|'X'|'W'|'Z'|'-' in an arithmetic operand, the result will be 'X'(es).
ModelSim-Altera Info: #    Time: 0 ps  Iteration: 0  Instance: /reloj
ModelSim-Altera Warning: # ** Warning: CONV_INTEGER: There is an 'U'|'X'|'W'|'Z'|'-' in an arithmetic operand, and it has been converted to 0.
ModelSim-Altera Info: #    Time: 0 ps  Iteration: 0  Instance: /reloj
ModelSim-Altera Warning: # ** Warning: There is an 'U'|'X'|'W'|'Z'|'-' in an arithmetic operand, the result will be 'X'(es).
ModelSim-Altera Info: #    Time: 0 ps  Iteration: 0  Instance: /reloj
ModelSim-Altera Warning: # ** Warning: CONV_INTEGER: There is an 'U'|'X'|'W'|'Z'|'-' in an arithmetic operand, and it has been converted to 0.
ModelSim-Altera Info: #    Time: 0 ps  Iteration: 0  Instance: /reloj
ModelSim-Altera Warning: # ** Warning: There is an 'U'|'X'|'W'|'Z'|'-' in an arithmetic operand, the result will be 'X'(es).
ModelSim-Altera Info: #    Time: 0 ps  Iteration: 0  Instance: /reloj
ModelSim-Altera Warning: # ** Warning: CONV_INTEGER: There is an 'U'|'X'|'W'|'Z'|'-' in an arithmetic operand, and it has been converted to 0.
ModelSim-Altera Info: #    Time: 0 ps  Iteration: 0  Instance: /reloj
ModelSim-Altera Warning: # ** Warning: There is an 'U'|'X'|'W'|'Z'|'-' in an arithmetic operand, the result will be 'X'(es).
ModelSim-Altera Info: #    Time: 0 ps  Iteration: 0  Instance: /reloj
ModelSim-Altera Warning: # ** Warning: CONV_INTEGER: There is an 'U'|'X'|'W'|'Z'|'-' in an arithmetic operand, and it has been converted to 0.
ModelSim-Altera Info: #    Time: 0 ps  Iteration: 0  Instance: /reloj
ModelSim-Altera Warning: # ** Warning: There is an 'U'|'X'|'W'|'Z'|'-' in an arithmetic operand, the result will be 'X'(es).
ModelSim-Altera Info: #    Time: 0 ps  Iteration: 0  Instance: /reloj
ModelSim-Altera Warning: # ** Warning: CONV_INTEGER: There is an 'U'|'X'|'W'|'Z'|'-' in an arithmetic operand, and it has been converted to 0.
ModelSim-Altera Info: #    Time: 0 ps  Iteration: 0  Instance: /reloj
ModelSim-Altera Warning: # ** Warning: There is an 'U'|'X'|'W'|'Z'|'-' in an arithmetic operand, the result will be 'X'(es).
ModelSim-Altera Info: #    Time: 0 ps  Iteration: 3  Instance: /reloj
ModelSim-Altera Warning: # ** Warning: CONV_INTEGER: There is an 'U'|'X'|'W'|'Z'|'-' in an arithmetic operand, and it has been converted to 0.
ModelSim-Altera Info: #    Time: 0 ps  Iteration: 3  Instance: /reloj
ModelSim-Altera Warning: # ** Warning: There is an 'U'|'X'|'W'|'Z'|'-' in an arithmetic operand, the result will be 'X'(es).
ModelSim-Altera Info: #    Time: 0 ps  Iteration: 3  Instance: /reloj
ModelSim-Altera Warning: # ** Warning: CONV_INTEGER: There is an 'U'|'X'|'W'|'Z'|'-' in an arithmetic operand, and it has been converted to 0.
ModelSim-Altera Info: #    Time: 0 ps  Iteration: 3  Instance: /reloj
ModelSim-Altera Warning: # ** Warning: There is an 'U'|'X'|'W'|'Z'|'-' in an arithmetic operand, the result will be 'X'(es).
ModelSim-Altera Info: #    Time: 0 ps  Iteration: 3  Instance: /reloj
ModelSim-Altera Warning: # ** Warning: CONV_INTEGER: There is an 'U'|'X'|'W'|'Z'|'-' in an arithmetic operand, and it has been converted to 0.
ModelSim-Altera Info: #    Time: 0 ps  Iteration: 3  Instance: /reloj
ModelSim-Altera Warning: # ** Warning: There is an 'U'|'X'|'W'|'Z'|'-' in an arithmetic operand, the result will be 'X'(es).
ModelSim-Altera Info: #    Time: 0 ps  Iteration: 3  Instance: /reloj
ModelSim-Altera Warning: # ** Warning: CONV_INTEGER: There is an 'U'|'X'|'W'|'Z'|'-' in an arithmetic operand, and it has been converted to 0.
ModelSim-Altera Info: #    Time: 0 ps  Iteration: 3  Instance: /reloj
ModelSim-Altera Warning: # ** Warning: There is an 'U'|'X'|'W'|'Z'|'-' in an arithmetic operand, the result will be 'X'(es).
ModelSim-Altera Info: #    Time: 0 ps  Iteration: 3  Instance: /reloj
ModelSim-Altera Warning: # ** Warning: CONV_INTEGER: There is an 'U'|'X'|'W'|'Z'|'-' in an arithmetic operand, and it has been converted to 0.
ModelSim-Altera Info: #    Time: 0 ps  Iteration: 3  Instance: /reloj
ModelSim-Altera Warning: # ** Warning: CONV_INTEGER(UNSIGNED) input array has 32 bits and MSB is not zero.
ModelSim-Altera Info: #    Time: 0 ps  Iteration: 6  Instance: /reloj
ModelSim-Altera Warning: # ** Warning: CONV_INTEGER(UNSIGNED) input array has 32 bits and MSB is not zero.
ModelSim-Altera Info: #    Time: 0 ps  Iteration: 6  Instance: /reloj
ModelSim-Altera Warning: # ** Warning: CONV_INTEGER(UNSIGNED) input array has 32 bits and MSB is not zero.
ModelSim-Altera Info: #    Time: 0 ps  Iteration: 6  Instance: /reloj
ModelSim-Altera Warning: # ** Warning: There is an 'U'|'X'|'W'|'Z'|'-' in an arithmetic operand, the result will be 'X'(es).
ModelSim-Altera Info: #    Time: 0 ps  Iteration: 6  Instance: /reloj
ModelSim-Altera Warning: # ** Warning: CONV_INTEGER: There is an 'U'|'X'|'W'|'Z'|'-' in an arithmetic operand, and it has been converted to 0.
ModelSim-Altera Info: #    Time: 0 ps  Iteration: 6  Instance: /reloj
ModelSim-Altera Warning: # ** Warning: There is an 'U'|'X'|'W'|'Z'|'-' in an arithmetic operand, the result will be 'X'(es).
ModelSim-Altera Info: #    Time: 0 ps  Iteration: 6  Instance: /reloj
ModelSim-Altera Warning: # ** Warning: CONV_INTEGER: There is an 'U'|'X'|'W'|'Z'|'-' in an arithmetic operand, and it has been converted to 0.
ModelSim-Altera Info: #    Time: 0 ps  Iteration: 6  Instance: /reloj
ModelSim-Altera Warning: # ** Warning: CONV_INTEGER(UNSIGNED) input array has 32 bits and MSB is not zero.
ModelSim-Altera Info: #    Time: 0 ps  Iteration: 7  Instance: /reloj
ModelSim-Altera Warning: # ** Warning: There is an 'U'|'X'|'W'|'Z'|'-' in an arithmetic operand, the result will be 'X'(es).
ModelSim-Altera Info: #    Time: 0 ps  Iteration: 7  Instance: /reloj
ModelSim-Altera Warning: # ** Warning: CONV_INTEGER: There is an 'U'|'X'|'W'|'Z'|'-' in an arithmetic operand, and it has been converted to 0.
ModelSim-Altera Info: #    Time: 0 ps  Iteration: 7  Instance: /reloj
ModelSim-Altera Info: run
ModelSim-Altera Info: run
ModelSim-Altera Info: run
ModelSim-Altera Info: run
ModelSim-Altera Info: run
ModelSim-Altera Info: run
ModelSim-Altera Info: run
ModelSim-Altera Info: run
ModelSim-Altera Info: run
ModelSim-Altera Info: run
ModelSim-Altera Info: run
ModelSim-Altera Info: run
ModelSim-Altera Info: run
ModelSim-Altera Info: run
ModelSim-Altera Info: run
ModelSim-Altera Info: run
ModelSim-Altera Info: run
ModelSim-Altera Info: run
ModelSim-Altera Info: run
ModelSim-Altera Info: force -freeze sim:/reloj/SW(0) 1 0
ModelSim-Altera Info: run
ModelSim-Altera Info: run
ModelSim-Altera Info: run
ModelSim-Altera Info: run
ModelSim-Altera Info: run
ModelSim-Altera Info: run
ModelSim-Altera Info: run
ModelSim-Altera Info: run
ModelSim-Altera Info: run
ModelSim-Altera Info: run
ModelSim-Altera Info: run
ModelSim-Altera Info: run
ModelSim-Altera Info: run
ModelSim-Altera Info: run
ModelSim-Altera Info: run
ModelSim-Altera Info: run
ModelSim-Altera Info: run
ModelSim-Altera Info: run
ModelSim-Altera Info: run
ModelSim-Altera Info: run
ModelSim-Altera Info: run
ModelSim-Altera Info: run
ModelSim-Altera Info: run
ModelSim-Altera Info: run
ModelSim-Altera Info: run
ModelSim-Altera Info: run
ModelSim-Altera Info: run
ModelSim-Altera Info: run
ModelSim-Altera Info: run
ModelSim-Altera Info: run
ModelSim-Altera Info: run
ModelSim-Altera Info: run
ModelSim-Altera Info: run
ModelSim-Altera Info: run
ModelSim-Altera Info: run
ModelSim-Altera Info: run
ModelSim-Altera Info: run
ModelSim-Altera Info: run
ModelSim-Altera Info: run
ModelSim-Altera Info: run
ModelSim-Altera Info: run
ModelSim-Altera Info: run
ModelSim-Altera Info: run
ModelSim-Altera Info: run
ModelSim-Altera Info: run
ModelSim-Altera Info: run
ModelSim-Altera Info: run
ModelSim-Altera Info: run
ModelSim-Altera Info: run
ModelSim-Altera Info: run
ModelSim-Altera Info: run
ModelSim-Altera Info: run
ModelSim-Altera Info: run
ModelSim-Altera Info: run
ModelSim-Altera Info: run
ModelSim-Altera Info: run
ModelSim-Altera Info: force -freeze sim:/reloj/KEY(2) 0 0
ModelSim-Altera Info: run
ModelSim-Altera Info: run
ModelSim-Altera Info: run
ModelSim-Altera Info: run
ModelSim-Altera Info: run
ModelSim-Altera Info: run
ModelSim-Altera Info: run
ModelSim-Altera Info: run
ModelSim-Altera Info: run
ModelSim-Altera Info: run
ModelSim-Altera Info: run
ModelSim-Altera Info: run
ModelSim-Altera Info: run
ModelSim-Altera Info: run
ModelSim-Altera Info: run
ModelSim-Altera Info: run
ModelSim-Altera Info: run
ModelSim-Altera Info: run
ModelSim-Altera Info: run
ModelSim-Altera Info: run
ModelSim-Altera Info: run
ModelSim-Altera Info: run
ModelSim-Altera Info: run
ModelSim-Altera Info: run
ModelSim-Altera Info: run
ModelSim-Altera Info: force -freeze sim:/reloj/KEY(1) 0 0
ModelSim-Altera Info: run
ModelSim-Altera Info: run
ModelSim-Altera Info: run
ModelSim-Altera Info: run
ModelSim-Altera Info: run
ModelSim-Altera Info: run
ModelSim-Altera Info: run
ModelSim-Altera Info: run
ModelSim-Altera Info: run
ModelSim-Altera Info: run
ModelSim-Altera Info: run
ModelSim-Altera Info: run
ModelSim-Altera Info: run
ModelSim-Altera Info: run
ModelSim-Altera Info: run
ModelSim-Altera Info: run
ModelSim-Altera Info: run
ModelSim-Altera Info: run
ModelSim-Altera Info: run
ModelSim-Altera Info: run
ModelSim-Altera Info: run
ModelSim-Altera Info: run
ModelSim-Altera Info: run
ModelSim-Altera Info: run
ModelSim-Altera Info: run
ModelSim-Altera Info: run
ModelSim-Altera Info: run
ModelSim-Altera Info: force -freeze sim:/reloj/KEY(1) 1 0
ModelSim-Altera Info: run
ModelSim-Altera Info: run
ModelSim-Altera Info: run
ModelSim-Altera Info: run
ModelSim-Altera Info: run
ModelSim-Altera Info: run
ModelSim-Altera Info: run
ModelSim-Altera Info: run
ModelSim-Altera Info: run
ModelSim-Altera Info: run
ModelSim-Altera Info: run
ModelSim-Altera Info: run
ModelSim-Altera Info: run
ModelSim-Altera Info: run
ModelSim-Altera Info: run
ModelSim-Altera Info: run
ModelSim-Altera Info: run
ModelSim-Altera Info: run
ModelSim-Altera Info: run
ModelSim-Altera Info: run
ModelSim-Altera Info: run
ModelSim-Altera Info: run
ModelSim-Altera Info: run
ModelSim-Altera Info: run
ModelSim-Altera Info: run
ModelSim-Altera Info: run
ModelSim-Altera Info: run
ModelSim-Altera Info: run
ModelSim-Altera Info: run
ModelSim-Altera Info: run
ModelSim-Altera Info: run
ModelSim-Altera Info: run
ModelSim-Altera Info: run
ModelSim-Altera Info: run
ModelSim-Altera Info: run
ModelSim-Altera Info: run
ModelSim-Altera Info: run
ModelSim-Altera Info: run
ModelSim-Altera Info: run
ModelSim-Altera Info: run
ModelSim-Altera Info: force -freeze sim:/reloj/KEY(1) 0 0
ModelSim-Altera Info: run
ModelSim-Altera Info: run
ModelSim-Altera Info: run
ModelSim-Altera Info: run
ModelSim-Altera Info: run
ModelSim-Altera Info: run
ModelSim-Altera Info: run
ModelSim-Altera Info: run
ModelSim-Altera Info: run
ModelSim-Altera Info: run
ModelSim-Altera Info: run
ModelSim-Altera Info: run
ModelSim-Altera Info: run
ModelSim-Altera Info: run
ModelSim-Altera Info: run
ModelSim-Altera Info: force -freeze sim:/reloj/KEY(1) 1 0
ModelSim-Altera Info: run
ModelSim-Altera Info: run
ModelSim-Altera Info: run
ModelSim-Altera Info: run
ModelSim-Altera Info: run
ModelSim-Altera Info: run
ModelSim-Altera Info: run
ModelSim-Altera Info: run
ModelSim-Altera Info: noforce sim:/reloj/KEY(1)
ModelSim-Altera Info: force -freeze sim:/reloj/KEY(1) 0 0
ModelSim-Altera Info: run
ModelSim-Altera Info: run
ModelSim-Altera Info: run
ModelSim-Altera Info: run
ModelSim-Altera Info: run
ModelSim-Altera Info: run
ModelSim-Altera Info: run
ModelSim-Altera Info: run
ModelSim-Altera Info: run
ModelSim-Altera Info: run
ModelSim-Altera Info: run
ModelSim-Altera Info: run
ModelSim-Altera Info: run
ModelSim-Altera Info: run
ModelSim-Altera Info: run
ModelSim-Altera Info: run
ModelSim-Altera Info: run
ModelSim-Altera Info: run
ModelSim-Altera Info: run
ModelSim-Altera Info: force -freeze sim:/reloj/KEY(2) 0 0
ModelSim-Altera Info: run
ModelSim-Altera Info: run
ModelSim-Altera Info: run
ModelSim-Altera Info: run
ModelSim-Altera Info: run
ModelSim-Altera Info: run
ModelSim-Altera Info: run
ModelSim-Altera Info: run
ModelSim-Altera Info: force -freeze sim:/reloj/KEY(0) 0 0
ModelSim-Altera Info: run
ModelSim-Altera Info: run
ModelSim-Altera Info: run
ModelSim-Altera Info: run
ModelSim-Altera Info: run
ModelSim-Altera Info: run
ModelSim-Altera Info: run
ModelSim-Altera Info: run
ModelSim-Altera Info: run
ModelSim-Altera Info: run
ModelSim-Altera Info: run
ModelSim-Altera Info: run
ModelSim-Altera Info: run
ModelSim-Altera Info: run
ModelSim-Altera Info: run
ModelSim-Altera Info: run
ModelSim-Altera Info: run
ModelSim-Altera Info: run
ModelSim-Altera Info: run
ModelSim-Altera Info: run
ModelSim-Altera Info: run
ModelSim-Altera Info: run
ModelSim-Altera Info: run
ModelSim-Altera Info: run
ModelSim-Altera Info: run
ModelSim-Altera Info: run
ModelSim-Altera Info: run
ModelSim-Altera Info: run
ModelSim-Altera Info: run
ModelSim-Altera Info: run
ModelSim-Altera Info: run
ModelSim-Altera Info: run
ModelSim-Altera Info: run
Info: NativeLink simulation flow was successful
