Analysis & Synthesis report for Taller_1
Thu Dec 05 12:14:35 2013
Quartus II 64-Bit Version 13.0.1 Build 232 06/12/2013 Service Pack 1 SJ Web Edition


---------------------
; Table of Contents ;
---------------------
  1. Legal Notice
  2. Analysis & Synthesis Summary
  3. Analysis & Synthesis Settings
  4. Parallel Compilation
  5. Analysis & Synthesis Source Files Read
  6. Analysis & Synthesis Resource Usage Summary
  7. Analysis & Synthesis Resource Utilization by Entity
  8. State Machine - |reloj|ESTADO_CRON
  9. State Machine - |reloj|EA
 10. User-Specified and Inferred Latches
 11. Registers Removed During Synthesis
 12. General Register Statistics
 13. Inverted Register Statistics
 14. Multiplexer Restructuring Statistics (Restructuring Performed)
 15. Elapsed Time Per Partition
 16. Analysis & Synthesis Messages



----------------
; Legal Notice ;
----------------
Copyright (C) 1991-2013 Altera Corporation
Your use of Altera Corporation's design tools, logic functions 
and other software and tools, and its AMPP partner logic 
functions, and any output files from any of the foregoing 
(including device programming or simulation files), and any 
associated documentation or information are expressly subject 
to the terms and conditions of the Altera Program License 
Subscription Agreement, Altera MegaCore Function License 
Agreement, or other applicable license agreement, including, 
without limitation, that your use is for the sole purpose of 
programming logic devices manufactured by Altera and sold by 
Altera or its authorized distributors.  Please refer to the 
applicable agreement for further details.



+--------------------------------------------------------------------------------------+
; Analysis & Synthesis Summary                                                         ;
+------------------------------------+-------------------------------------------------+
; Analysis & Synthesis Status        ; Successful - Thu Dec 05 12:14:35 2013           ;
; Quartus II 64-Bit Version          ; 13.0.1 Build 232 06/12/2013 SP 1 SJ Web Edition ;
; Revision Name                      ; Taller_1                                        ;
; Top-level Entity Name              ; reloj                                           ;
; Family                             ; Cyclone III                                     ;
; Total logic elements               ; 977                                             ;
;     Total combinational functions  ; 976                                             ;
;     Dedicated logic registers      ; 427                                             ;
; Total registers                    ; 427                                             ;
; Total pins                         ; 206                                             ;
; Total virtual pins                 ; 0                                               ;
; Total memory bits                  ; 0                                               ;
; Embedded Multiplier 9-bit elements ; 0                                               ;
; Total PLLs                         ; 0                                               ;
+------------------------------------+-------------------------------------------------+


+----------------------------------------------------------------------------------------------------------------------+
; Analysis & Synthesis Settings                                                                                        ;
+----------------------------------------------------------------------------+--------------------+--------------------+
; Option                                                                     ; Setting            ; Default Value      ;
+----------------------------------------------------------------------------+--------------------+--------------------+
; Device                                                                     ; EP3C16F484C6       ;                    ;
; Top-level entity name                                                      ; reloj              ; Taller_1           ;
; Family name                                                                ; Cyclone III        ; Cyclone IV GX      ;
; Use smart compilation                                                      ; Off                ; Off                ;
; Enable parallel Assembler and TimeQuest Timing Analyzer during compilation ; On                 ; On                 ;
; Enable compact report table                                                ; Off                ; Off                ;
; Restructure Multiplexers                                                   ; Auto               ; Auto               ;
; Create Debugging Nodes for IP Cores                                        ; Off                ; Off                ;
; Preserve fewer node names                                                  ; On                 ; On                 ;
; Disable OpenCore Plus hardware evaluation                                  ; Off                ; Off                ;
; Verilog Version                                                            ; Verilog_2001       ; Verilog_2001       ;
; VHDL Version                                                               ; VHDL_1993          ; VHDL_1993          ;
; State Machine Processing                                                   ; Auto               ; Auto               ;
; Safe State Machine                                                         ; Off                ; Off                ;
; Extract Verilog State Machines                                             ; On                 ; On                 ;
; Extract VHDL State Machines                                                ; On                 ; On                 ;
; Ignore Verilog initial constructs                                          ; Off                ; Off                ;
; Iteration limit for constant Verilog loops                                 ; 5000               ; 5000               ;
; Iteration limit for non-constant Verilog loops                             ; 250                ; 250                ;
; Add Pass-Through Logic to Inferred RAMs                                    ; On                 ; On                 ;
; Infer RAMs from Raw Logic                                                  ; On                 ; On                 ;
; Parallel Synthesis                                                         ; On                 ; On                 ;
; DSP Block Balancing                                                        ; Auto               ; Auto               ;
; NOT Gate Push-Back                                                         ; On                 ; On                 ;
; Power-Up Don't Care                                                        ; On                 ; On                 ;
; Remove Redundant Logic Cells                                               ; Off                ; Off                ;
; Remove Duplicate Registers                                                 ; On                 ; On                 ;
; Ignore CARRY Buffers                                                       ; Off                ; Off                ;
; Ignore CASCADE Buffers                                                     ; Off                ; Off                ;
; Ignore GLOBAL Buffers                                                      ; Off                ; Off                ;
; Ignore ROW GLOBAL Buffers                                                  ; Off                ; Off                ;
; Ignore LCELL Buffers                                                       ; Off                ; Off                ;
; Ignore SOFT Buffers                                                        ; On                 ; On                 ;
; Limit AHDL Integers to 32 Bits                                             ; Off                ; Off                ;
; Optimization Technique                                                     ; Balanced           ; Balanced           ;
; Carry Chain Length                                                         ; 70                 ; 70                 ;
; Auto Carry Chains                                                          ; On                 ; On                 ;
; Auto Open-Drain Pins                                                       ; On                 ; On                 ;
; Perform WYSIWYG Primitive Resynthesis                                      ; Off                ; Off                ;
; Auto ROM Replacement                                                       ; On                 ; On                 ;
; Auto RAM Replacement                                                       ; On                 ; On                 ;
; Auto DSP Block Replacement                                                 ; On                 ; On                 ;
; Auto Shift Register Replacement                                            ; Auto               ; Auto               ;
; Allow Shift Register Merging across Hierarchies                            ; Auto               ; Auto               ;
; Auto Clock Enable Replacement                                              ; On                 ; On                 ;
; Strict RAM Replacement                                                     ; Off                ; Off                ;
; Allow Synchronous Control Signals                                          ; On                 ; On                 ;
; Force Use of Synchronous Clear Signals                                     ; Off                ; Off                ;
; Auto RAM Block Balancing                                                   ; On                 ; On                 ;
; Auto RAM to Logic Cell Conversion                                          ; Off                ; Off                ;
; Auto Resource Sharing                                                      ; Off                ; Off                ;
; Allow Any RAM Size For Recognition                                         ; Off                ; Off                ;
; Allow Any ROM Size For Recognition                                         ; Off                ; Off                ;
; Allow Any Shift Register Size For Recognition                              ; Off                ; Off                ;
; Use LogicLock Constraints during Resource Balancing                        ; On                 ; On                 ;
; Ignore translate_off and synthesis_off directives                          ; Off                ; Off                ;
; Timing-Driven Synthesis                                                    ; On                 ; On                 ;
; Report Parameter Settings                                                  ; On                 ; On                 ;
; Report Source Assignments                                                  ; On                 ; On                 ;
; Report Connectivity Checks                                                 ; On                 ; On                 ;
; Ignore Maximum Fan-Out Assignments                                         ; Off                ; Off                ;
; Synchronization Register Chain Length                                      ; 2                  ; 2                  ;
; PowerPlay Power Optimization                                               ; Normal compilation ; Normal compilation ;
; HDL message level                                                          ; Level2             ; Level2             ;
; Suppress Register Optimization Related Messages                            ; Off                ; Off                ;
; Number of Removed Registers Reported in Synthesis Report                   ; 5000               ; 5000               ;
; Number of Swept Nodes Reported in Synthesis Report                         ; 5000               ; 5000               ;
; Number of Inverted Registers Reported in Synthesis Report                  ; 100                ; 100                ;
; Clock MUX Protection                                                       ; On                 ; On                 ;
; Auto Gated Clock Conversion                                                ; Off                ; Off                ;
; Block Design Naming                                                        ; Auto               ; Auto               ;
; SDC constraint protection                                                  ; Off                ; Off                ;
; Synthesis Effort                                                           ; Auto               ; Auto               ;
; Shift Register Replacement - Allow Asynchronous Clear Signal               ; On                 ; On                 ;
; Pre-Mapping Resynthesis Optimization                                       ; Off                ; Off                ;
; Analysis & Synthesis Message Level                                         ; Medium             ; Medium             ;
; Disable Register Merging Across Hierarchies                                ; Auto               ; Auto               ;
; Resource Aware Inference For Block RAM                                     ; On                 ; On                 ;
; Synthesis Seed                                                             ; 1                  ; 1                  ;
+----------------------------------------------------------------------------+--------------------+--------------------+


Parallel compilation was disabled, but you have multiple processors available. Enable parallel compilation to reduce compilation time.
+-------------------------------------+
; Parallel Compilation                ;
+----------------------------+--------+
; Processors                 ; Number ;
+----------------------------+--------+
; Number detected on machine ; 4      ;
; Maximum allowed            ; 1      ;
+----------------------------+--------+


+------------------------------------------------------------------------------------------------------------------------------------------+
; Analysis & Synthesis Source Files Read                                                                                                   ;
+----------------------------------+-----------------+-----------------+---------------------------------------------------------+---------+
; File Name with User-Entered Path ; Used in Netlist ; File Type       ; File Name with Absolute Path                            ; Library ;
+----------------------------------+-----------------+-----------------+---------------------------------------------------------+---------+
; Taller_1.vhd                     ; yes             ; User VHDL File  ; C:/Users/Fede/workspace/Quartus/Taller_1/Taller_1.vhd   ;         ;
; segmentos7.vhd                   ; yes             ; User VHDL File  ; C:/Users/Fede/workspace/Quartus/Taller_1/segmentos7.vhd ;         ;
+----------------------------------+-----------------+-----------------+---------------------------------------------------------+---------+


+--------------------------------------------------------+
; Analysis & Synthesis Resource Usage Summary            ;
+---------------------------------------------+----------+
; Resource                                    ; Usage    ;
+---------------------------------------------+----------+
; Estimated Total logic elements              ; 977      ;
;                                             ;          ;
; Total combinational functions               ; 976      ;
; Logic element usage by number of LUT inputs ;          ;
;     -- 4 input functions                    ; 416      ;
;     -- 3 input functions                    ; 102      ;
;     -- <=2 input functions                  ; 458      ;
;                                             ;          ;
; Logic elements by mode                      ;          ;
;     -- normal mode                          ; 573      ;
;     -- arithmetic mode                      ; 403      ;
;                                             ;          ;
; Total registers                             ; 427      ;
;     -- Dedicated logic registers            ; 427      ;
;     -- I/O registers                        ; 0        ;
;                                             ;          ;
; I/O pins                                    ; 206      ;
; Embedded Multiplier 9-bit elements          ; 0        ;
; Maximum fan-out node                        ; CLOCK_MS ;
; Maximum fan-out                             ; 393      ;
; Total fan-out                               ; 4346     ;
; Average fan-out                             ; 2.39     ;
+---------------------------------------------+----------+


+------------------------------------------------------------------------------------------------------------------------------------------------------------------------------+
; Analysis & Synthesis Resource Utilization by Entity                                                                                                                          ;
+----------------------------+-------------------+--------------+-------------+--------------+---------+-----------+------+--------------+----------------------+--------------+
; Compilation Hierarchy Node ; LC Combinationals ; LC Registers ; Memory Bits ; DSP Elements ; DSP 9x9 ; DSP 18x18 ; Pins ; Virtual Pins ; Full Hierarchy Name  ; Library Name ;
+----------------------------+-------------------+--------------+-------------+--------------+---------+-----------+------+--------------+----------------------+--------------+
; |reloj                     ; 976 (808)         ; 427 (427)    ; 0           ; 0            ; 0       ; 0         ; 206  ; 0            ; |reloj               ; work         ;
;    |segmentos7:D1|         ; 42 (42)           ; 0 (0)        ; 0           ; 0            ; 0       ; 0         ; 0    ; 0            ; |reloj|segmentos7:D1 ; work         ;
;    |segmentos7:D2|         ; 42 (42)           ; 0 (0)        ; 0           ; 0            ; 0       ; 0         ; 0    ; 0            ; |reloj|segmentos7:D2 ; work         ;
;    |segmentos7:D3|         ; 42 (42)           ; 0 (0)        ; 0           ; 0            ; 0       ; 0         ; 0    ; 0            ; |reloj|segmentos7:D3 ; work         ;
;    |segmentos7:D4|         ; 42 (42)           ; 0 (0)        ; 0           ; 0            ; 0       ; 0         ; 0    ; 0            ; |reloj|segmentos7:D4 ; work         ;
+----------------------------+-------------------+--------------+-------------+--------------+---------+-----------+------+--------------+----------------------+--------------+
Note: For table entries with two numbers listed, the numbers in parentheses indicate the number of resources of the given type used by the specific entity alone. The numbers listed outside of parentheses indicate the total resources of the given type used by the specific entity and all of its sub-entities in the hierarchy.


Encoding Type:  One-Hot
+-----------------------------------------------------------------------------+
; State Machine - |reloj|ESTADO_CRON                                          ;
+-------------------+-------------------+-----------------+-------------------+
; Name              ; ESTADO_CRON.RESET ; ESTADO_CRON.RUN ; ESTADO_CRON.PAUSE ;
+-------------------+-------------------+-----------------+-------------------+
; ESTADO_CRON.PAUSE ; 0                 ; 0               ; 0                 ;
; ESTADO_CRON.RUN   ; 0                 ; 1               ; 1                 ;
; ESTADO_CRON.RESET ; 1                 ; 0               ; 1                 ;
+-------------------+-------------------+-----------------+-------------------+


Encoding Type:  One-Hot
+---------------------------------------+
; State Machine - |reloj|EA             ;
+-----------+-------+-------+-----------+
; Name      ; EA.S2 ; EA.S1 ; EA.INICIO ;
+-----------+-------+-------+-----------+
; EA.INICIO ; 0     ; 0     ; 0         ;
; EA.S1     ; 0     ; 1     ; 1         ;
; EA.S2     ; 1     ; 0     ; 1         ;
+-----------+-------+-------+-----------+


+---------------------------------------------------------------------------------------------------+
; User-Specified and Inferred Latches                                                               ;
+----------------------------------------------------+---------------------+------------------------+
; Latch Name                                         ; Latch Enable Signal ; Free of Timing Hazards ;
+----------------------------------------------------+---------------------+------------------------+
; estado[0]$latch                                    ; EA.S1               ; yes                    ;
; Number of user-specified and inferred latches = 1  ;                     ;                        ;
+----------------------------------------------------+---------------------+------------------------+
Note: All latches listed above may not be present at the end of synthesis due to various synthesis optimizations.


+---------------------------------------------------------------------------------+
; Registers Removed During Synthesis                                              ;
+----------------------------------------+----------------------------------------+
; Register name                          ; Reason for Removal                     ;
+----------------------------------------+----------------------------------------+
; clk_out[2]~reg0                        ; Stuck at GND due to stuck port data_in ;
; clk_out[3]~reg0                        ; Stuck at GND due to stuck port data_in ;
; clk_out[4]~reg0                        ; Stuck at GND due to stuck port data_in ;
; clk_out[5]~reg0                        ; Stuck at GND due to stuck port data_in ;
; clk_out[6]~reg0                        ; Stuck at GND due to stuck port data_in ;
; clk_out[7]~reg0                        ; Stuck at GND due to stuck port data_in ;
; clk_out[8]~reg0                        ; Stuck at GND due to stuck port data_in ;
; clk_out[9]~reg0                        ; Stuck at GND due to stuck port data_in ;
; clk_out[10]~reg0                       ; Stuck at GND due to stuck port data_in ;
; clk_out[11]~reg0                       ; Stuck at GND due to stuck port data_in ;
; clk_out[12]~reg0                       ; Stuck at GND due to stuck port data_in ;
; clk_out[13]~reg0                       ; Stuck at GND due to stuck port data_in ;
; clk_out[14]~reg0                       ; Stuck at GND due to stuck port data_in ;
; clk_out[15]~reg0                       ; Stuck at GND due to stuck port data_in ;
; clk_out[16]~reg0                       ; Stuck at GND due to stuck port data_in ;
; clk_out[17]~reg0                       ; Stuck at GND due to stuck port data_in ;
; clk_out[18]~reg0                       ; Stuck at GND due to stuck port data_in ;
; clk_out[19]~reg0                       ; Stuck at GND due to stuck port data_in ;
; clk_out[20]~reg0                       ; Stuck at GND due to stuck port data_in ;
; clk_out[21]~reg0                       ; Stuck at GND due to stuck port data_in ;
; clk_out[22]~reg0                       ; Stuck at GND due to stuck port data_in ;
; clk_out[23]~reg0                       ; Stuck at GND due to stuck port data_in ;
; clk_out[24]~reg0                       ; Stuck at GND due to stuck port data_in ;
; clk_out[25]~reg0                       ; Stuck at GND due to stuck port data_in ;
; clk_out[26]~reg0                       ; Stuck at GND due to stuck port data_in ;
; clk_out[27]~reg0                       ; Stuck at GND due to stuck port data_in ;
; clk_out[28]~reg0                       ; Stuck at GND due to stuck port data_in ;
; clk_out[29]~reg0                       ; Stuck at GND due to stuck port data_in ;
; clk_out[30]~reg0                       ; Stuck at GND due to stuck port data_in ;
; EA.INICIO                              ; Lost fanout                            ;
; Total Number of Removed Registers = 30 ;                                        ;
+----------------------------------------+----------------------------------------+


+------------------------------------------------------+
; General Register Statistics                          ;
+----------------------------------------------+-------+
; Statistic                                    ; Value ;
+----------------------------------------------+-------+
; Total registers                              ; 427   ;
; Number of registers using Synchronous Clear  ; 32    ;
; Number of registers using Synchronous Load   ; 0     ;
; Number of registers using Asynchronous Clear ; 0     ;
; Number of registers using Asynchronous Load  ; 0     ;
; Number of registers using Clock Enable       ; 353   ;
; Number of registers using Preset             ; 0     ;
+----------------------------------------------+-------+


+--------------------------------------------------+
; Inverted Register Statistics                     ;
+----------------------------------------+---------+
; Inverted Register                      ; Fan out ;
+----------------------------------------+---------+
; clk_out[0]~reg0                        ; 1       ;
; clk_out[31]~reg0                       ; 1       ;
; count[0]                               ; 2       ;
; Total number of inverted registers = 3 ;         ;
+----------------------------------------+---------+


+------------------------------------------------------------------------------------------------------------------------------------------+
; Multiplexer Restructuring Statistics (Restructuring Performed)                                                                           ;
+--------------------+-----------+---------------+----------------------+------------------------+------------+----------------------------+
; Multiplexer Inputs ; Bus Width ; Baseline Area ; Area if Restructured ; Saving if Restructured ; Registered ; Example Multiplexer Output ;
+--------------------+-----------+---------------+----------------------+------------------------+------------+----------------------------+
; 6:1                ; 32 bits   ; 128 LEs       ; 32 LEs               ; 96 LEs                 ; Yes        ; |reloj|U_MM[27]            ;
; 7:1                ; 32 bits   ; 128 LEs       ; 32 LEs               ; 96 LEs                 ; Yes        ; |reloj|D_MM[11]            ;
; 10:1               ; 32 bits   ; 192 LEs       ; 32 LEs               ; 160 LEs                ; Yes        ; |reloj|U_HH[31]            ;
; 14:1               ; 32 bits   ; 288 LEs       ; 32 LEs               ; 256 LEs                ; Yes        ; |reloj|D_HH[15]            ;
; 3:1                ; 32 bits   ; 64 LEs        ; 64 LEs               ; 0 LEs                  ; No         ; |reloj|D_CC_CRON           ;
; 4:1                ; 32 bits   ; 64 LEs        ; 64 LEs               ; 0 LEs                  ; No         ; |reloj|U_SS_CRON           ;
; 5:1                ; 32 bits   ; 96 LEs        ; 64 LEs               ; 32 LEs                 ; No         ; |reloj|D_SS_CRON           ;
; 5:1                ; 2 bits    ; 6 LEs         ; 6 LEs                ; 0 LEs                  ; No         ; |reloj|ESTADO_CRON         ;
+--------------------+-----------+---------------+----------------------+------------------------+------------+----------------------------+


+-------------------------------+
; Elapsed Time Per Partition    ;
+----------------+--------------+
; Partition Name ; Elapsed Time ;
+----------------+--------------+
; Top            ; 00:00:09     ;
+----------------+--------------+


+-------------------------------+
; Analysis & Synthesis Messages ;
+-------------------------------+
Info: *******************************************************************
Info: Running Quartus II 64-Bit Analysis & Synthesis
    Info: Version 13.0.1 Build 232 06/12/2013 Service Pack 1 SJ Web Edition
    Info: Processing started: Thu Dec 05 12:14:18 2013
Info: Command: quartus_map --read_settings_files=on --write_settings_files=off Taller_1 -c Taller_1
Warning (20028): Parallel compilation is not licensed and has been disabled
Info (12021): Found 2 design units, including 1 entities, in source file taller_1.vhd
    Info (12022): Found design unit 1: reloj-implementation
    Info (12023): Found entity 1: reloj
Warning (12019): Can't analyze file -- file 7segmentos.vhd is missing
Info (12021): Found 2 design units, including 1 entities, in source file segmentos7.vhd
    Info (12022): Found design unit 1: segmentos7-s7
    Info (12023): Found entity 1: segmentos7
Info (12127): Elaborating entity "reloj" for the top level hierarchy
Warning (10541): VHDL Signal Declaration warning at Taller_1.vhd(29): used implicit default value for signal "U_S1" because signal was never assigned a value or an explicit default value. Use of implicit default value may introduce unintended design optimizations.
Warning (10541): VHDL Signal Declaration warning at Taller_1.vhd(29): used implicit default value for signal "D_S1" because signal was never assigned a value or an explicit default value. Use of implicit default value may introduce unintended design optimizations.
Warning (10541): VHDL Signal Declaration warning at Taller_1.vhd(29): used implicit default value for signal "U_M1" because signal was never assigned a value or an explicit default value. Use of implicit default value may introduce unintended design optimizations.
Warning (10492): VHDL Process Statement warning at Taller_1.vhd(318): signal "D_HH" is read inside the Process Statement but isn't in the Process Statement's sensitivity list
Warning (10492): VHDL Process Statement warning at Taller_1.vhd(319): signal "U_HH" is read inside the Process Statement but isn't in the Process Statement's sensitivity list
Warning (10492): VHDL Process Statement warning at Taller_1.vhd(320): signal "D_MM" is read inside the Process Statement but isn't in the Process Statement's sensitivity list
Warning (10492): VHDL Process Statement warning at Taller_1.vhd(321): signal "U_MM" is read inside the Process Statement but isn't in the Process Statement's sensitivity list
Warning (10492): VHDL Process Statement warning at Taller_1.vhd(336): signal "D_HH" is read inside the Process Statement but isn't in the Process Statement's sensitivity list
Warning (10492): VHDL Process Statement warning at Taller_1.vhd(337): signal "U_HH" is read inside the Process Statement but isn't in the Process Statement's sensitivity list
Warning (10492): VHDL Process Statement warning at Taller_1.vhd(338): signal "D_MM" is read inside the Process Statement but isn't in the Process Statement's sensitivity list
Warning (10492): VHDL Process Statement warning at Taller_1.vhd(339): signal "U_MM" is read inside the Process Statement but isn't in the Process Statement's sensitivity list
Warning (10492): VHDL Process Statement warning at Taller_1.vhd(351): signal "D_SS_CRON" is read inside the Process Statement but isn't in the Process Statement's sensitivity list
Warning (10492): VHDL Process Statement warning at Taller_1.vhd(352): signal "U_SS_CRON" is read inside the Process Statement but isn't in the Process Statement's sensitivity list
Warning (10492): VHDL Process Statement warning at Taller_1.vhd(353): signal "D_CC_CRON" is read inside the Process Statement but isn't in the Process Statement's sensitivity list
Warning (10492): VHDL Process Statement warning at Taller_1.vhd(354): signal "U_CC_CRON" is read inside the Process Statement but isn't in the Process Statement's sensitivity list
Warning (10631): VHDL Process Statement warning at Taller_1.vhd(309): inferring latch(es) for signal or variable "estado", which holds its previous value in one or more paths through the process
Info (10041): Inferred latch for "estado[0]" at Taller_1.vhd(309)
Info (10041): Inferred latch for "estado[1]" at Taller_1.vhd(309)
Info (10041): Inferred latch for "estado[2]" at Taller_1.vhd(309)
Info (10041): Inferred latch for "estado[3]" at Taller_1.vhd(309)
Info (10041): Inferred latch for "estado[4]" at Taller_1.vhd(309)
Info (10041): Inferred latch for "estado[5]" at Taller_1.vhd(309)
Info (10041): Inferred latch for "estado[6]" at Taller_1.vhd(309)
Info (10041): Inferred latch for "estado[7]" at Taller_1.vhd(309)
Info (10041): Inferred latch for "estado[8]" at Taller_1.vhd(309)
Info (10041): Inferred latch for "estado[9]" at Taller_1.vhd(309)
Info (10041): Inferred latch for "estado[10]" at Taller_1.vhd(309)
Info (10041): Inferred latch for "estado[11]" at Taller_1.vhd(309)
Info (10041): Inferred latch for "estado[12]" at Taller_1.vhd(309)
Info (10041): Inferred latch for "estado[13]" at Taller_1.vhd(309)
Info (10041): Inferred latch for "estado[14]" at Taller_1.vhd(309)
Info (10041): Inferred latch for "estado[15]" at Taller_1.vhd(309)
Info (10041): Inferred latch for "estado[16]" at Taller_1.vhd(309)
Info (10041): Inferred latch for "estado[17]" at Taller_1.vhd(309)
Info (10041): Inferred latch for "estado[18]" at Taller_1.vhd(309)
Info (10041): Inferred latch for "estado[19]" at Taller_1.vhd(309)
Info (10041): Inferred latch for "estado[20]" at Taller_1.vhd(309)
Info (10041): Inferred latch for "estado[21]" at Taller_1.vhd(309)
Info (10041): Inferred latch for "estado[22]" at Taller_1.vhd(309)
Info (10041): Inferred latch for "estado[23]" at Taller_1.vhd(309)
Info (10041): Inferred latch for "estado[24]" at Taller_1.vhd(309)
Info (10041): Inferred latch for "estado[25]" at Taller_1.vhd(309)
Info (10041): Inferred latch for "estado[26]" at Taller_1.vhd(309)
Info (10041): Inferred latch for "estado[27]" at Taller_1.vhd(309)
Info (10041): Inferred latch for "estado[28]" at Taller_1.vhd(309)
Info (10041): Inferred latch for "estado[29]" at Taller_1.vhd(309)
Info (10041): Inferred latch for "estado[30]" at Taller_1.vhd(309)
Info (10041): Inferred latch for "estado[31]" at Taller_1.vhd(309)
Info (12128): Elaborating entity "segmentos7" for hierarchy "segmentos7:D1"
Warning (13024): Output pins are stuck at VCC or GND
    Warning (13410): Pin "HEX3[7]" is stuck at VCC
    Warning (13410): Pin "HEX2[7]" is stuck at VCC
    Warning (13410): Pin "HEX1[7]" is stuck at VCC
    Warning (13410): Pin "HEX0[7]" is stuck at VCC
    Warning (13410): Pin "U_S1[0]" is stuck at VCC
    Warning (13410): Pin "U_S1[1]" is stuck at GND
    Warning (13410): Pin "U_S1[2]" is stuck at GND
    Warning (13410): Pin "U_S1[3]" is stuck at GND
    Warning (13410): Pin "U_S1[4]" is stuck at GND
    Warning (13410): Pin "U_S1[5]" is stuck at GND
    Warning (13410): Pin "U_S1[6]" is stuck at GND
    Warning (13410): Pin "U_S1[7]" is stuck at GND
    Warning (13410): Pin "U_S1[8]" is stuck at GND
    Warning (13410): Pin "U_S1[9]" is stuck at GND
    Warning (13410): Pin "U_S1[10]" is stuck at GND
    Warning (13410): Pin "U_S1[11]" is stuck at GND
    Warning (13410): Pin "U_S1[12]" is stuck at GND
    Warning (13410): Pin "U_S1[13]" is stuck at GND
    Warning (13410): Pin "U_S1[14]" is stuck at GND
    Warning (13410): Pin "U_S1[15]" is stuck at GND
    Warning (13410): Pin "U_S1[16]" is stuck at GND
    Warning (13410): Pin "U_S1[17]" is stuck at GND
    Warning (13410): Pin "U_S1[18]" is stuck at GND
    Warning (13410): Pin "U_S1[19]" is stuck at GND
    Warning (13410): Pin "U_S1[20]" is stuck at GND
    Warning (13410): Pin "U_S1[21]" is stuck at GND
    Warning (13410): Pin "U_S1[22]" is stuck at GND
    Warning (13410): Pin "U_S1[23]" is stuck at GND
    Warning (13410): Pin "U_S1[24]" is stuck at GND
    Warning (13410): Pin "U_S1[25]" is stuck at GND
    Warning (13410): Pin "U_S1[26]" is stuck at GND
    Warning (13410): Pin "U_S1[27]" is stuck at GND
    Warning (13410): Pin "U_S1[28]" is stuck at GND
    Warning (13410): Pin "U_S1[29]" is stuck at GND
    Warning (13410): Pin "U_S1[30]" is stuck at GND
    Warning (13410): Pin "U_S1[31]" is stuck at VCC
    Warning (13410): Pin "D_S1[0]" is stuck at VCC
    Warning (13410): Pin "D_S1[1]" is stuck at GND
    Warning (13410): Pin "D_S1[2]" is stuck at GND
    Warning (13410): Pin "D_S1[3]" is stuck at GND
    Warning (13410): Pin "D_S1[4]" is stuck at GND
    Warning (13410): Pin "D_S1[5]" is stuck at GND
    Warning (13410): Pin "D_S1[6]" is stuck at GND
    Warning (13410): Pin "D_S1[7]" is stuck at GND
    Warning (13410): Pin "D_S1[8]" is stuck at GND
    Warning (13410): Pin "D_S1[9]" is stuck at GND
    Warning (13410): Pin "D_S1[10]" is stuck at GND
    Warning (13410): Pin "D_S1[11]" is stuck at GND
    Warning (13410): Pin "D_S1[12]" is stuck at GND
    Warning (13410): Pin "D_S1[13]" is stuck at GND
    Warning (13410): Pin "D_S1[14]" is stuck at GND
    Warning (13410): Pin "D_S1[15]" is stuck at GND
    Warning (13410): Pin "D_S1[16]" is stuck at GND
    Warning (13410): Pin "D_S1[17]" is stuck at GND
    Warning (13410): Pin "D_S1[18]" is stuck at GND
    Warning (13410): Pin "D_S1[19]" is stuck at GND
    Warning (13410): Pin "D_S1[20]" is stuck at GND
    Warning (13410): Pin "D_S1[21]" is stuck at GND
    Warning (13410): Pin "D_S1[22]" is stuck at GND
    Warning (13410): Pin "D_S1[23]" is stuck at GND
    Warning (13410): Pin "D_S1[24]" is stuck at GND
    Warning (13410): Pin "D_S1[25]" is stuck at GND
    Warning (13410): Pin "D_S1[26]" is stuck at GND
    Warning (13410): Pin "D_S1[27]" is stuck at GND
    Warning (13410): Pin "D_S1[28]" is stuck at GND
    Warning (13410): Pin "D_S1[29]" is stuck at GND
    Warning (13410): Pin "D_S1[30]" is stuck at GND
    Warning (13410): Pin "D_S1[31]" is stuck at VCC
    Warning (13410): Pin "U_M1[0]" is stuck at VCC
    Warning (13410): Pin "U_M1[1]" is stuck at GND
    Warning (13410): Pin "U_M1[2]" is stuck at GND
    Warning (13410): Pin "U_M1[3]" is stuck at GND
    Warning (13410): Pin "U_M1[4]" is stuck at GND
    Warning (13410): Pin "U_M1[5]" is stuck at GND
    Warning (13410): Pin "U_M1[6]" is stuck at GND
    Warning (13410): Pin "U_M1[7]" is stuck at GND
    Warning (13410): Pin "U_M1[8]" is stuck at GND
    Warning (13410): Pin "U_M1[9]" is stuck at GND
    Warning (13410): Pin "U_M1[10]" is stuck at GND
    Warning (13410): Pin "U_M1[11]" is stuck at GND
    Warning (13410): Pin "U_M1[12]" is stuck at GND
    Warning (13410): Pin "U_M1[13]" is stuck at GND
    Warning (13410): Pin "U_M1[14]" is stuck at GND
    Warning (13410): Pin "U_M1[15]" is stuck at GND
    Warning (13410): Pin "U_M1[16]" is stuck at GND
    Warning (13410): Pin "U_M1[17]" is stuck at GND
    Warning (13410): Pin "U_M1[18]" is stuck at GND
    Warning (13410): Pin "U_M1[19]" is stuck at GND
    Warning (13410): Pin "U_M1[20]" is stuck at GND
    Warning (13410): Pin "U_M1[21]" is stuck at GND
    Warning (13410): Pin "U_M1[22]" is stuck at GND
    Warning (13410): Pin "U_M1[23]" is stuck at GND
    Warning (13410): Pin "U_M1[24]" is stuck at GND
    Warning (13410): Pin "U_M1[25]" is stuck at GND
    Warning (13410): Pin "U_M1[26]" is stuck at GND
    Warning (13410): Pin "U_M1[27]" is stuck at GND
    Warning (13410): Pin "U_M1[28]" is stuck at GND
    Warning (13410): Pin "U_M1[29]" is stuck at GND
    Warning (13410): Pin "U_M1[30]" is stuck at GND
    Warning (13410): Pin "U_M1[31]" is stuck at VCC
    Warning (13410): Pin "estado[1]" is stuck at GND
    Warning (13410): Pin "estado[2]" is stuck at GND
    Warning (13410): Pin "estado[3]" is stuck at GND
    Warning (13410): Pin "estado[4]" is stuck at GND
    Warning (13410): Pin "estado[5]" is stuck at GND
    Warning (13410): Pin "estado[6]" is stuck at GND
    Warning (13410): Pin "estado[7]" is stuck at GND
    Warning (13410): Pin "estado[8]" is stuck at GND
    Warning (13410): Pin "estado[9]" is stuck at GND
    Warning (13410): Pin "estado[10]" is stuck at GND
    Warning (13410): Pin "estado[11]" is stuck at GND
    Warning (13410): Pin "estado[12]" is stuck at GND
    Warning (13410): Pin "estado[13]" is stuck at GND
    Warning (13410): Pin "estado[14]" is stuck at GND
    Warning (13410): Pin "estado[15]" is stuck at GND
    Warning (13410): Pin "estado[16]" is stuck at GND
    Warning (13410): Pin "estado[17]" is stuck at GND
    Warning (13410): Pin "estado[18]" is stuck at GND
    Warning (13410): Pin "estado[19]" is stuck at GND
    Warning (13410): Pin "estado[20]" is stuck at GND
    Warning (13410): Pin "estado[21]" is stuck at GND
    Warning (13410): Pin "estado[22]" is stuck at GND
    Warning (13410): Pin "estado[23]" is stuck at GND
    Warning (13410): Pin "estado[24]" is stuck at GND
    Warning (13410): Pin "estado[25]" is stuck at GND
    Warning (13410): Pin "estado[26]" is stuck at GND
    Warning (13410): Pin "estado[27]" is stuck at GND
    Warning (13410): Pin "estado[28]" is stuck at GND
    Warning (13410): Pin "estado[29]" is stuck at GND
    Warning (13410): Pin "estado[30]" is stuck at GND
    Warning (13410): Pin "estado[31]" is stuck at GND
    Warning (13410): Pin "clk_out[2]" is stuck at GND
    Warning (13410): Pin "clk_out[3]" is stuck at GND
    Warning (13410): Pin "clk_out[4]" is stuck at GND
    Warning (13410): Pin "clk_out[5]" is stuck at GND
    Warning (13410): Pin "clk_out[6]" is stuck at GND
    Warning (13410): Pin "clk_out[7]" is stuck at GND
    Warning (13410): Pin "clk_out[8]" is stuck at GND
    Warning (13410): Pin "clk_out[9]" is stuck at GND
    Warning (13410): Pin "clk_out[10]" is stuck at GND
    Warning (13410): Pin "clk_out[11]" is stuck at GND
    Warning (13410): Pin "clk_out[12]" is stuck at GND
    Warning (13410): Pin "clk_out[13]" is stuck at GND
    Warning (13410): Pin "clk_out[14]" is stuck at GND
    Warning (13410): Pin "clk_out[15]" is stuck at GND
    Warning (13410): Pin "clk_out[16]" is stuck at GND
    Warning (13410): Pin "clk_out[17]" is stuck at GND
    Warning (13410): Pin "clk_out[18]" is stuck at GND
    Warning (13410): Pin "clk_out[19]" is stuck at GND
    Warning (13410): Pin "clk_out[20]" is stuck at GND
    Warning (13410): Pin "clk_out[21]" is stuck at GND
    Warning (13410): Pin "clk_out[22]" is stuck at GND
    Warning (13410): Pin "clk_out[23]" is stuck at GND
    Warning (13410): Pin "clk_out[24]" is stuck at GND
    Warning (13410): Pin "clk_out[25]" is stuck at GND
    Warning (13410): Pin "clk_out[26]" is stuck at GND
    Warning (13410): Pin "clk_out[27]" is stuck at GND
    Warning (13410): Pin "clk_out[28]" is stuck at GND
    Warning (13410): Pin "clk_out[29]" is stuck at GND
    Warning (13410): Pin "clk_out[30]" is stuck at GND
Info (286030): Timing-Driven Synthesis is running
Info (17049): 1 registers lost all their fanouts during netlist optimizations.
Info (16010): Generating hard_block partition "hard_block:auto_generated_inst"
    Info (16011): Adding 0 node(s), including 0 DDIO, 0 PLL, 0 transceiver and 0 LCELL
Warning (21074): Design contains 9 input pin(s) that do not drive logic
    Warning (15610): No output dependent on input pin "SW[2]"
    Warning (15610): No output dependent on input pin "SW[3]"
    Warning (15610): No output dependent on input pin "SW[4]"
    Warning (15610): No output dependent on input pin "SW[5]"
    Warning (15610): No output dependent on input pin "SW[6]"
    Warning (15610): No output dependent on input pin "SW[7]"
    Warning (15610): No output dependent on input pin "SW[8]"
    Warning (15610): No output dependent on input pin "SW[9]"
    Warning (15610): No output dependent on input pin "KEY[2]"
Info (21057): Implemented 1184 device resources after synthesis - the final resource count might be different
    Info (21058): Implemented 14 input pins
    Info (21059): Implemented 192 output pins
    Info (21061): Implemented 978 logic cells
Info: Quartus II 64-Bit Analysis & Synthesis was successful. 0 errors, 189 warnings
    Info: Peak virtual memory: 479 megabytes
    Info: Processing ended: Thu Dec 05 12:14:35 2013
    Info: Elapsed time: 00:00:17
    Info: Total CPU time (on all processors): 00:00:16


